objc[49378]: Class AXEmojiUtilities is implemented in both /Applications/Xcode.app/Contents/Developer/Platforms/iPhoneSimulator.platform/Developer/SDKs/iPhoneSimulator7.1.sdk/System/Library/PrivateFrameworks/AccessibilityUtilities.framework/AccessibilityUtilities and /Applications/Xcode.app/Contents/Developer/Platforms/iPhoneSimulator.platform/Developer/SDKs/iPhoneSimulator7.1.sdk/usr/lib/libAXSpeechManager.dylib. One of the two will be used. Which one is undefined.
2014-04-24 15:52:54.915 HelloCordova[49378:70b] Cannot find executable for CFBundle 0xa271d00 </Applications/Xcode.app/Contents/Developer/Platforms/iPhoneSimulator.platform/Developer/SDKs/iPhoneSimulator7.1.sdk/System/Library/AccessibilityBundles/CertUIFramework.axbundle> (not loaded)
2014-04-24 15:52:54.927 HelloCordova[49378:70b] Cannot find executable for CFBundle 0xa4b70d0 </Applications/Xcode.app/Contents/Developer/Platforms/iPhoneSimulator.platform/Developer/SDKs/iPhoneSimulator7.1.sdk/System/Library/AccessibilityBundles/GeoServices.axbundle> (not loaded)
2014-04-24 15:52:54.991 HelloCordova[49378:70b] Multi-tasking -> Device: YES, App: YES
2014-04-24 15:52:54.999 HelloCordova[49378:70b] Unlimited access to network resources
2014-04-24 15:52:55.138 HelloCordova[49378:70b] CDVPlugin class CDVStatusBar (pluginName: statusbar) does not exist.
2014-04-24 15:52:55.139 HelloCordova[49378:70b] [CDVTimer][statusbar] 0.447035ms
2014-04-24 15:52:55.139 HelloCordova[49378:70b] [CDVTimer][TotalPluginStartup] 0.814021ms
2014-04-24 15:52:55.227 HelloCordova[49378:70b] Resetting plugins due to page load.
2014-04-24 15:52:55.462 HelloCordova[49378:70b] Finished load of: file:///Users/driftyadmin/Library/Application%20Support/iPhone%20Simulator/7.1/Applications/D69D8F8C-293D-4467-899F-CB679DBC7BAC/HelloCordova.app/www/index.html#/tab/dash
objc[49683]: Class AXEmojiUtilities is implemented in both /Applications/Xcode.app/Contents/Developer/Platforms/iPhoneSimulator.platform/Developer/SDKs/iPhoneSimulator7.1.sdk/System/Library/PrivateFrameworks/AccessibilityUtilities.framework/AccessibilityUtilities and /Applications/Xcode.app/Contents/Developer/Platforms/iPhoneSimulator.platform/Developer/SDKs/iPhoneSimulator7.1.sdk/usr/lib/libAXSpeechManager.dylib. One of the two will be used. Which one is undefined.
2014-04-24 15:53:38.768 HelloCordova[49683:70b] Cannot find executable for CFBundle 0xa930cd0 </Applications/Xcode.app/Contents/Developer/Platforms/iPhoneSimulator.platform/Developer/SDKs/iPhoneSimulator7.1.sdk/System/Library/AccessibilityBundles/GeoServices.axbundle> (not loaded)
2014-04-24 15:53:38.774 HelloCordova[49683:70b] Cannot find executable for CFBundle 0xa537ce0 </Applications/Xcode.app/Contents/Developer/Platforms/iPhoneSimulator.platform/Developer/SDKs/iPhoneSimulator7.1.sdk/System/Library/AccessibilityBundles/CertUIFramework.axbundle> (not loaded)
2014-04-24 15:53:38.799 HelloCordova[49683:70b] Multi-tasking -> Device: YES, App: YES
2014-04-24 15:53:38.806 HelloCordova[49683:70b] Unlimited access to network resources
2014-04-24 15:53:38.832 HelloCordova[49683:70b] CDVPlugin class CDVStatusBar (pluginName: statusbar) does not exist.
2014-04-24 15:53:38.833 HelloCordova[49683:70b] [CDVTimer][statusbar] 0.382960ms
2014-04-24 15:53:38.833 HelloCordova[49683:70b] [CDVTimer][TotalPluginStartup] 0.680029ms
2014-04-24 15:53:38.872 HelloCordova[49683:70b] Resetting plugins due to page load.
2014-04-24 15:53:39.070 HelloCordova[49683:70b] Finished load of: file:///Users/driftyadmin/Library/Application%20Support/iPhone%20Simulator/7.1/Applications/D69D8F8C-293D-4467-899F-CB679DBC7BAC/HelloCordova.app/www/index.html#/tab/dash
Terminating in response to SpringBoard's termination.
objc[49894]: Class AXEmojiUtilities is implemented in both /Applications/Xcode.app/Contents/Developer/Platforms/iPhoneSimulator.platform/Developer/SDKs/iPhoneSimulator7.1.sdk/System/Library/PrivateFrameworks/AccessibilityUtilities.framework/AccessibilityUtilities and /Applications/Xcode.app/Contents/Developer/Platforms/iPhoneSimulator.platform/Developer/SDKs/iPhoneSimulator7.1.sdk/usr/lib/libAXSpeechManager.dylib. One of the two will be used. Which one is undefined.
2014-04-24 15:54:34.433 HelloCordova[49894:70b] Cannot find executable for CFBundle 0xa682980 </Applications/Xcode.app/Contents/Developer/Platforms/iPhoneSimulator.platform/Developer/SDKs/iPhoneSimulator7.1.sdk/System/Library/AccessibilityBundles/CertUIFramework.axbundle> (not loaded)
2014-04-24 15:54:34.440 HelloCordova[49894:70b] Cannot find executable for CFBundle 0xa79f0e0 </Applications/Xcode.app/Contents/Developer/Platforms/iPhoneSimulator.platform/Developer/SDKs/iPhoneSimulator7.1.sdk/System/Library/AccessibilityBundles/GeoServices.axbundle> (not loaded)
2014-04-24 15:54:34.501 HelloCordova[49894:70b] Multi-tasking -> Device: YES, App: YES
2014-04-24 15:54:34.511 HelloCordova[49894:70b] Unlimited access to network resources
2014-04-24 15:54:34.532 HelloCordova[49894:70b] CDVPlugin class CDVStatusBar (pluginName: statusbar) does not exist.
2014-04-24 15:54:34.533 HelloCordova[49894:70b] [CDVTimer][statusbar] 0.560999ms
2014-04-24 15:54:34.533 HelloCordova[49894:70b] [CDVTimer][TotalPluginStartup] 1.228988ms
2014-04-24 15:54:34.681 HelloCordova[49894:70b] Resetting plugins due to page load.
2014-04-24 15:54:34.880 HelloCordova[49894:70b] Finished load of: file:///Users/driftyadmin/Library/Application%20Support/iPhone%20Simulator/7.1/Applications/D69D8F8C-293D-4467-899F-CB679DBC7BAC/HelloCordova.app/www/index.html#/tab/dash
